[0.239s] DEBUG:colcon:Command line arguments: ['/usr/bin/colcon', 'build', '--packages-select', 'esp32_commander', '--symlink-install']
[0.239s] DEBUG:colcon:Parsed command line arguments: Namespace(log_base=None, log_level=None, verb_name='build', build_base='build', install_base='install', merge_install=False, symlink_install=True, test_result_base=None, continue_on_error=False, executor='parallel', parallel_workers=16, event_handlers=None, ignore_user_meta=False, metas=['./colcon.meta'], base_paths=['.'], packages_ignore=None, packages_ignore_regex=None, paths=None, packages_up_to=None, packages_up_to_regex=None, packages_above=None, packages_above_and_dependencies=None, packages_above_depth=None, packages_select_by_dep=None, packages_skip_by_dep=None, packages_skip_up_to=None, packages_select_build_failed=False, packages_skip_build_finished=False, packages_select_test_failures=False, packages_skip_test_passed=False, packages_select=['esp32_commander'], packages_skip=None, packages_select_regex=None, packages_skip_regex=None, packages_start=None, packages_end=None, allow_overriding=[], cmake_args=None, cmake_target=None, cmake_target_skip_unavailable=False, cmake_clean_cache=False, cmake_clean_first=False, cmake_force_configure=False, ament_cmake_args=None, catkin_cmake_args=None, catkin_skip_building_tests=False, mixin_files=None, mixin=None, verb_parser=<colcon_mixin.mixin.mixin_argument.MixinArgumentDecorator object at 0x72fc23c5a8a0>, verb_extension=<colcon_core.verb.build.BuildVerb object at 0x72fc23c50350>, main=<bound method BuildVerb.main of <colcon_core.verb.build.BuildVerb object at 0x72fc23c50350>>, mixin_verb=('build',))
[0.299s] Level 1:colcon.colcon_core.package_discovery:discover_packages(colcon_meta) check parameters
[0.300s] Level 1:colcon.colcon_core.package_discovery:discover_packages(recursive) check parameters
[0.300s] Level 1:colcon.colcon_core.package_discovery:discover_packages(ignore) check parameters
[0.300s] Level 1:colcon.colcon_core.package_discovery:discover_packages(path) check parameters
[0.300s] Level 1:colcon.colcon_core.package_discovery:discover_packages(colcon_meta) discover
[0.300s] Level 1:colcon.colcon_core.package_discovery:discover_packages(recursive) discover
[0.300s] INFO:colcon.colcon_core.package_discovery:Crawling recursively for packages in '/home/egor/ros2_ws/src'
[0.300s] Level 1:colcon.colcon_core.package_identification:_identify(.) by extensions ['ignore', 'ignore_ament_install']
[0.300s] Level 1:colcon.colcon_core.package_identification:_identify(.) by extension 'ignore'
[0.300s] Level 1:colcon.colcon_core.package_identification:_identify(.) by extension 'ignore_ament_install'
[0.300s] Level 1:colcon.colcon_core.package_identification:_identify(.) by extensions ['colcon_pkg']
[0.300s] Level 1:colcon.colcon_core.package_identification:_identify(.) by extension 'colcon_pkg'
[0.300s] Level 1:colcon.colcon_core.package_identification:_identify(.) by extensions ['colcon_meta']
[0.300s] Level 1:colcon.colcon_core.package_identification:_identify(.) by extension 'colcon_meta'
[0.300s] Level 1:colcon.colcon_core.package_identification:_identify(.) by extensions ['ros']
[0.301s] Level 1:colcon.colcon_core.package_identification:_identify(.) by extension 'ros'
[0.339s] Level 1:colcon.colcon_core.package_identification:_identify(.) by extensions ['cmake', 'python']
[0.339s] Level 1:colcon.colcon_core.package_identification:_identify(.) by extension 'cmake'
[0.339s] Level 1:colcon.colcon_core.package_identification:_identify(.) by extension 'python'
[0.339s] Level 1:colcon.colcon_core.package_identification:_identify(.) by extensions ['python_setup_py']
[0.339s] Level 1:colcon.colcon_core.package_identification:_identify(.) by extension 'python_setup_py'
[0.339s] Level 1:colcon.colcon_core.package_identification:_identify(build) by extensions ['ignore', 'ignore_ament_install']
[0.339s] Level 1:colcon.colcon_core.package_identification:_identify(build) by extension 'ignore'
[0.340s] Level 1:colcon.colcon_core.package_identification:_identify(build) ignored
[0.340s] Level 1:colcon.colcon_core.package_identification:_identify(esp32_commander) by extensions ['ignore', 'ignore_ament_install']
[0.340s] Level 1:colcon.colcon_core.package_identification:_identify(esp32_commander) by extension 'ignore'
[0.340s] Level 1:colcon.colcon_core.package_identification:_identify(esp32_commander) by extension 'ignore_ament_install'
[0.340s] Level 1:colcon.colcon_core.package_identification:_identify(esp32_commander) by extensions ['colcon_pkg']
[0.340s] Level 1:colcon.colcon_core.package_identification:_identify(esp32_commander) by extension 'colcon_pkg'
[0.340s] Level 1:colcon.colcon_core.package_identification:_identify(esp32_commander) by extensions ['colcon_meta']
[0.340s] Level 1:colcon.colcon_core.package_identification:_identify(esp32_commander) by extension 'colcon_meta'
[0.340s] Level 1:colcon.colcon_core.package_identification:_identify(esp32_commander) by extensions ['ros']
[0.341s] Level 1:colcon.colcon_core.package_identification:_identify(esp32_commander) by extension 'ros'
[0.344s] DEBUG:colcon.colcon_core.package_identification:Package 'esp32_commander' with type 'ros.ament_python' and name 'esp32_commander'
[0.344s] Level 1:colcon.colcon_core.package_identification:_identify(install) by extensions ['ignore', 'ignore_ament_install']
[0.345s] Level 1:colcon.colcon_core.package_identification:_identify(install) by extension 'ignore'
[0.345s] Level 1:colcon.colcon_core.package_identification:_identify(install) ignored
[0.345s] Level 1:colcon.colcon_core.package_identification:_identify(log) by extensions ['ignore', 'ignore_ament_install']
[0.345s] Level 1:colcon.colcon_core.package_identification:_identify(log) by extension 'ignore'
[0.345s] Level 1:colcon.colcon_core.package_identification:_identify(log) ignored
[0.345s] Level 1:colcon.colcon_core.package_discovery:discover_packages(recursive) using defaults
[0.345s] Level 1:colcon.colcon_core.package_discovery:discover_packages(ignore) discover
[0.345s] Level 1:colcon.colcon_core.package_discovery:discover_packages(ignore) using defaults
[0.345s] Level 1:colcon.colcon_core.package_discovery:discover_packages(path) discover
[0.345s] Level 1:colcon.colcon_core.package_discovery:discover_packages(path) using defaults
[0.376s] Level 1:colcon.colcon_core.package_discovery:discover_packages(prefix_path) check parameters
[0.377s] Level 1:colcon.colcon_core.package_discovery:discover_packages(prefix_path) discover
[0.381s] DEBUG:colcon.colcon_installed_package_information.package_discovery:Found 1 installed packages in /home/egor/ros2_ws/install
[0.383s] DEBUG:colcon.colcon_installed_package_information.package_discovery:Found 335 installed packages in /opt/ros/jazzy
[0.384s] Level 1:colcon.colcon_core.package_discovery:discover_packages(prefix_path) using defaults
[0.449s] Level 5:colcon.colcon_core.verb:set package 'esp32_commander' build argument 'cmake_args' from command line to 'None'
[0.449s] Level 5:colcon.colcon_core.verb:set package 'esp32_commander' build argument 'cmake_target' from command line to 'None'
[0.449s] Level 5:colcon.colcon_core.verb:set package 'esp32_commander' build argument 'cmake_target_skip_unavailable' from command line to 'False'
[0.449s] Level 5:colcon.colcon_core.verb:set package 'esp32_commander' build argument 'cmake_clean_cache' from command line to 'False'
[0.449s] Level 5:colcon.colcon_core.verb:set package 'esp32_commander' build argument 'cmake_clean_first' from command line to 'False'
[0.449s] Level 5:colcon.colcon_core.verb:set package 'esp32_commander' build argument 'cmake_force_configure' from command line to 'False'
[0.449s] Level 5:colcon.colcon_core.verb:set package 'esp32_commander' build argument 'ament_cmake_args' from command line to 'None'
[0.449s] Level 5:colcon.colcon_core.verb:set package 'esp32_commander' build argument 'catkin_cmake_args' from command line to 'None'
[0.449s] Level 5:colcon.colcon_core.verb:set package 'esp32_commander' build argument 'catkin_skip_building_tests' from command line to 'False'
[0.449s] DEBUG:colcon.colcon_core.verb:Building package 'esp32_commander' with the following arguments: {'ament_cmake_args': None, 'build_base': '/home/egor/ros2_ws/src/build/esp32_commander', 'catkin_cmake_args': None, 'catkin_skip_building_tests': False, 'cmake_args': None, 'cmake_clean_cache': False, 'cmake_clean_first': False, 'cmake_force_configure': False, 'cmake_target': None, 'cmake_target_skip_unavailable': False, 'install_base': '/home/egor/ros2_ws/src/install/esp32_commander', 'merge_install': False, 'path': '/home/egor/ros2_ws/src/esp32_commander', 'symlink_install': True, 'test_result_base': None}
[0.449s] INFO:colcon.colcon_core.executor:Executing jobs using 'parallel' executor
[0.451s] DEBUG:colcon.colcon_parallel_executor.executor.parallel:run_until_complete
[0.452s] INFO:colcon.colcon_ros.task.ament_python.build:Building ROS package in '/home/egor/ros2_ws/src/esp32_commander' with build type 'ament_python'
[0.452s] Level 1:colcon.colcon_core.shell:create_environment_hook('esp32_commander', 'ament_prefix_path')
[0.457s] INFO:colcon.colcon_core.plugin_system:Skipping extension 'colcon_core.shell.bat': Not used on non-Windows systems
[0.457s] INFO:colcon.colcon_core.shell:Creating environment hook '/home/egor/ros2_ws/src/install/esp32_commander/share/esp32_commander/hook/ament_prefix_path.ps1'
[0.458s] INFO:colcon.colcon_core.shell:Creating environment descriptor '/home/egor/ros2_ws/src/install/esp32_commander/share/esp32_commander/hook/ament_prefix_path.dsv'
[0.459s] INFO:colcon.colcon_core.shell:Creating environment hook '/home/egor/ros2_ws/src/install/esp32_commander/share/esp32_commander/hook/ament_prefix_path.sh'
[0.460s] INFO:colcon.colcon_core.shell:Skip shell extension 'powershell' for command environment: Not usable outside of PowerShell
[0.460s] DEBUG:colcon.colcon_core.shell:Skip shell extension 'dsv' for command environment
[0.798s] INFO:colcon.colcon_core.task.python.build:Building Python package in '/home/egor/ros2_ws/src/esp32_commander'
[0.799s] INFO:colcon.colcon_core.shell:Skip shell extension 'powershell' for command environment: Not usable outside of PowerShell
[0.799s] DEBUG:colcon.colcon_core.shell:Skip shell extension 'dsv' for command environment
[1.646s] DEBUG:colcon.colcon_core.event_handler.log_command:Invoking command in '/home/egor/ros2_ws/src/build/esp32_commander': DEBUGINFOD_URLS=https://debuginfod.ubuntu.com PYTHONPATH=/home/egor/ros2_ws/src/build/esp32_commander/prefix_override:/usr/lib/python3/dist-packages/colcon_core/task/python/colcon_distutils_commands:/home/egor/ros2_ws/src/install/esp32_commander/lib/python3.12/site-packages:${PYTHONPATH} /usr/bin/python3 -W ignore:setup.py install is deprecated -W ignore:easy_install command is deprecated setup.py develop --editable --build-directory /home/egor/ros2_ws/src/build/esp32_commander/build --no-deps symlink_data
[2.578s] Level 1:colcon.colcon_core.shell:create_environment_hook('esp32_commander', 'pythonpath_develop')
[2.578s] INFO:colcon.colcon_core.shell:Creating environment hook '/home/egor/ros2_ws/src/build/esp32_commander/share/esp32_commander/hook/pythonpath_develop.ps1'
[2.579s] DEBUG:colcon.colcon_core.event_handler.log_command:Invoked command in '/home/egor/ros2_ws/src/build/esp32_commander' returned '0': DEBUGINFOD_URLS=https://debuginfod.ubuntu.com PYTHONPATH=/home/egor/ros2_ws/src/build/esp32_commander/prefix_override:/usr/lib/python3/dist-packages/colcon_core/task/python/colcon_distutils_commands:/home/egor/ros2_ws/src/install/esp32_commander/lib/python3.12/site-packages:${PYTHONPATH} /usr/bin/python3 -W ignore:setup.py install is deprecated -W ignore:easy_install command is deprecated setup.py develop --editable --build-directory /home/egor/ros2_ws/src/build/esp32_commander/build --no-deps symlink_data
[2.580s] INFO:colcon.colcon_core.shell:Creating environment descriptor '/home/egor/ros2_ws/src/build/esp32_commander/share/esp32_commander/hook/pythonpath_develop.dsv'
[2.581s] INFO:colcon.colcon_core.shell:Creating environment hook '/home/egor/ros2_ws/src/build/esp32_commander/share/esp32_commander/hook/pythonpath_develop.sh'
[2.587s] Level 1:colcon.colcon_core.environment:checking '/home/egor/ros2_ws/src/install/esp32_commander' for CMake module files
[2.588s] Level 1:colcon.colcon_core.environment:checking '/home/egor/ros2_ws/src/install/esp32_commander' for CMake config files
[2.589s] Level 1:colcon.colcon_core.environment:checking '/home/egor/ros2_ws/src/install/esp32_commander/lib'
[2.589s] Level 1:colcon.colcon_core.environment:checking '/home/egor/ros2_ws/src/install/esp32_commander/bin'
[2.589s] Level 1:colcon.colcon_core.environment:checking '/home/egor/ros2_ws/src/install/esp32_commander/lib/pkgconfig/esp32_commander.pc'
[2.589s] Level 1:colcon.colcon_core.environment:checking '/home/egor/ros2_ws/src/install/esp32_commander/lib/python3.12/site-packages'
[2.590s] Level 1:colcon.colcon_core.shell:create_environment_hook('esp32_commander', 'pythonpath')
[2.590s] INFO:colcon.colcon_core.shell:Creating environment hook '/home/egor/ros2_ws/src/install/esp32_commander/share/esp32_commander/hook/pythonpath.ps1'
[2.591s] INFO:colcon.colcon_core.shell:Creating environment descriptor '/home/egor/ros2_ws/src/install/esp32_commander/share/esp32_commander/hook/pythonpath.dsv'
[2.591s] INFO:colcon.colcon_core.shell:Creating environment hook '/home/egor/ros2_ws/src/install/esp32_commander/share/esp32_commander/hook/pythonpath.sh'
[2.592s] Level 1:colcon.colcon_core.environment:checking '/home/egor/ros2_ws/src/install/esp32_commander/bin'
[2.592s] Level 1:colcon.colcon_core.environment:create_environment_scripts_only(esp32_commander)
[2.593s] INFO:colcon.colcon_core.shell:Creating package script '/home/egor/ros2_ws/src/install/esp32_commander/share/esp32_commander/package.ps1'
[2.594s] INFO:colcon.colcon_core.shell:Creating package descriptor '/home/egor/ros2_ws/src/install/esp32_commander/share/esp32_commander/package.dsv'
[2.595s] INFO:colcon.colcon_core.shell:Creating package script '/home/egor/ros2_ws/src/install/esp32_commander/share/esp32_commander/package.sh'
[2.596s] INFO:colcon.colcon_core.shell:Creating package script '/home/egor/ros2_ws/src/install/esp32_commander/share/esp32_commander/package.bash'
[2.597s] INFO:colcon.colcon_core.shell:Creating package script '/home/egor/ros2_ws/src/install/esp32_commander/share/esp32_commander/package.zsh'
[2.598s] Level 1:colcon.colcon_core.environment:create_file_with_runtime_dependencies(/home/egor/ros2_ws/src/install/esp32_commander/share/colcon-core/packages/esp32_commander)
[2.598s] DEBUG:colcon.colcon_parallel_executor.executor.parallel:closing loop
[2.599s] DEBUG:colcon.colcon_parallel_executor.executor.parallel:loop closed
[2.599s] DEBUG:colcon.colcon_parallel_executor.executor.parallel:run_until_complete finished with '0'
[2.599s] DEBUG:colcon.colcon_core.event_reactor:joining thread
[2.612s] INFO:colcon.colcon_core.plugin_system:Skipping extension 'colcon_notification.desktop_notification.terminal_notifier': Not used on non-Darwin systems
[2.612s] INFO:colcon.colcon_core.plugin_system:Skipping extension 'colcon_notification.desktop_notification.win32': Not used on non-Windows systems
[2.612s] INFO:colcon.colcon_notification.desktop_notification:Sending desktop notification using 'notify2'
[2.631s] DEBUG:colcon.colcon_core.event_reactor:joined thread
[2.632s] INFO:colcon.colcon_core.shell:Creating prefix script '/home/egor/ros2_ws/src/install/local_setup.ps1'
[2.633s] INFO:colcon.colcon_core.shell:Creating prefix util module '/home/egor/ros2_ws/src/install/_local_setup_util_ps1.py'
[2.635s] INFO:colcon.colcon_core.shell:Creating prefix chain script '/home/egor/ros2_ws/src/install/setup.ps1'
[2.636s] INFO:colcon.colcon_core.shell:Creating prefix script '/home/egor/ros2_ws/src/install/local_setup.sh'
[2.637s] INFO:colcon.colcon_core.shell:Creating prefix util module '/home/egor/ros2_ws/src/install/_local_setup_util_sh.py'
[2.638s] INFO:colcon.colcon_core.shell:Creating prefix chain script '/home/egor/ros2_ws/src/install/setup.sh'
[2.639s] INFO:colcon.colcon_core.shell:Creating prefix script '/home/egor/ros2_ws/src/install/local_setup.bash'
[2.640s] INFO:colcon.colcon_core.shell:Creating prefix chain script '/home/egor/ros2_ws/src/install/setup.bash'
[2.641s] INFO:colcon.colcon_core.shell:Creating prefix script '/home/egor/ros2_ws/src/install/local_setup.zsh'
[2.642s] INFO:colcon.colcon_core.shell:Creating prefix chain script '/home/egor/ros2_ws/src/install/setup.zsh'
