running develop
running egg_info
creating esp32_commander.egg-info
writing esp32_commander.egg-info/PKG-INFO
writing dependency_links to esp32_commander.egg-info/dependency_links.txt
writing entry points to esp32_commander.egg-info/entry_points.txt
writing requirements to esp32_commander.egg-info/requires.txt
writing top-level names to esp32_commander.egg-info/top_level.txt
writing manifest file 'esp32_commander.egg-info/SOURCES.txt'
reading manifest file 'esp32_commander.egg-info/SOURCES.txt'
writing manifest file 'esp32_commander.egg-info/SOURCES.txt'
running build_ext
Creating /home/egor/ros2_ws/src/install/esp32_commander/lib/python3.12/site-packages/esp32-commander.egg-link (link to .)
Installing wifi_bridge script to /home/egor/ros2_ws/src/install/esp32_commander/lib/esp32_commander

Installed /home/egor/ros2_ws/src/build/esp32_commander
running symlink_data
creating /home/egor/ros2_ws/src/install/esp32_commander/share/ament_index
creating /home/egor/ros2_ws/src/install/esp32_commander/share/ament_index/resource_index
creating /home/egor/ros2_ws/src/install/esp32_commander/share/ament_index/resource_index/packages
symbolically linking /home/egor/ros2_ws/src/build/esp32_commander/resource/esp32_commander -> /home/egor/ros2_ws/src/install/esp32_commander/share/ament_index/resource_index/packages
symbolically linking /home/egor/ros2_ws/src/build/esp32_commander/package.xml -> /home/egor/ros2_ws/src/install/esp32_commander/share/esp32_commander
